<?xml version="1.0" encoding="UTF-8"?>
<testsuite name="com.tlkble.suite.UserRestControllerTest" time="6.535" tests="28" errors="0" skipped="0" failures="0">
  <properties>
[...]
</properties>
  <testcase name="user_has_missing_username" classname="com.tlkble.suite.UserRestControllerTest" time="0.291"/>
  <testcase name="user_has_missing_first_name" classname="com.tlkble.suite.UserRestControllerTest" time="0.098"/>
  <testcase name="user_has_missing_last_name" classname="com.tlkble.suite.UserRestControllerTest" time="0.105"/>
  <testcase name="password_is_incorrect_format" classname="com.tlkble.suite.UserRestControllerTest" time="0.1"/>
  <testcase name="fname_contains_white_spaces_1" classname="com.tlkble.suite.UserRestControllerTest" time="0.096"/>
  <testcase name="uname_contains_white_spaces" classname="com.tlkble.suite.UserRestControllerTest" time="0.1"/>
  <testcase name="user_has_missing_password" classname="com.tlkble.suite.UserRestControllerTest" time="0.099"/>
  <testcase name="test_AJAX_username_check_on_a_user_which_doesnt_exist_response_entity_2" classname="com.tlkble.suite.UserRestControllerTest" time="0.78"/>
  <testcase name="test_AJAX_email_check_on_a_user_which_exists_response_entity" classname="com.tlkble.suite.UserRestControllerTest" time="0.484"/>
  <testcase name="username_is_incorrect_format_1" classname="com.tlkble.suite.UserRestControllerTest" time="0.096"/>
  <testcase name="complete_user" classname="com.tlkble.suite.UserRestControllerTest" time="0.429"/>
  <testcase name="user_email_address_wrong_format_1" classname="com.tlkble.suite.UserRestControllerTest" time="0.107"/>
  <testcase name="user_email_address_wrong_format_2" classname="com.tlkble.suite.UserRestControllerTest" time="0.105"/>
  <testcase name="user_email_address_wrong_format_3" classname="com.tlkble.suite.UserRestControllerTest" time="0.111"/>
  <testcase name="user_email_address_wrong_format_4" classname="com.tlkble.suite.UserRestControllerTest" time="0.101"/>
  <testcase name="user_email_address_wrong_format_5" classname="com.tlkble.suite.UserRestControllerTest" time="0.132"/>
  <testcase name="user_email_address_wrong_format_6" classname="com.tlkble.suite.UserRestControllerTest" time="0.097"/>
  <testcase name="uname_contains_white_spaces_1" classname="com.tlkble.suite.UserRestControllerTest" time="0.12"/>
  <testcase name="find_user_by_name_which_doesnt_exist" classname="com.tlkble.suite.UserRestControllerTest" time="0.731"/>
  <testcase name="username_is_incorrect_format" classname="com.tlkble.suite.UserRestControllerTest" time="0.093"/>
  <testcase name="test_AJAX_username_check_on_a_user_which_exists_response_entity" classname="com.tlkble.suite.UserRestControllerTest" time="0.463"/>
  <testcase name="user_has_missing_email_address" classname="com.tlkble.suite.UserRestControllerTest" time="0.109"/>
  <testcase name="password_is_incorrect_format_1" classname="com.tlkble.suite.UserRestControllerTest" time="0.118"/>
  <testcase name="password_is_incorrect_format_2" classname="com.tlkble.suite.UserRestControllerTest" time="0.113"/>
  <testcase name="password_is_incorrect_format_3" classname="com.tlkble.suite.UserRestControllerTest" time="0.432"/>
  <testcase name="find_user_by_name" classname="com.tlkble.suite.UserRestControllerTest" time="0.494"/>
  <testcase name="test_AJAX_email_check_on_a_user_which_doesnt_exist_response_entity_2" classname="com.tlkble.suite.UserRestControllerTest" time="0.434"/>
  <testcase name="fname_contains_white_spaces" classname="com.tlkble.suite.UserRestControllerTest" time="0.097"/>
</testsuite>