<?xml version="1.0" encoding="UTF-8"?>
<testsuite name="com.tlkble.suite.EventControllerTest" time="3.142" tests="16" errors="0" skipped="0" failures="0">
  <properties>
[...]
</properties>
  <testcase name="_eventpage_to_return_login_if_user_is_not_logged_in" classname="com.tlkble.suite.EventControllerTest" time="0.027"/>
  <testcase name="_an_event_which_has_been_created_can_be_ended" classname="com.tlkble.suite.EventControllerTest" time="0.278"/>
  <testcase name="_check_message_length_is_0" classname="com.tlkble.suite.EventControllerTest" time="0.595"/>
  <testcase name="_check_message_length_is_4" classname="com.tlkble.suite.EventControllerTest" time="0.045"/>
  <testcase name="_check_expletives_are_cloaked_but_first_character_and_last_are_not" classname="com.tlkble.suite.EventControllerTest" time="0.05"/>
  <testcase name="_authorised_users_can_join_an_event" classname="com.tlkble.suite.EventControllerTest" time="0.092"/>
  <testcase name="_a_user_cannot_join_an_event_after_it_has_been_ended" classname="com.tlkble.suite.EventControllerTest" time="0.056"/>
  <testcase name="_check_message_length_is_17" classname="com.tlkble.suite.EventControllerTest" time="0.052"/>
  <testcase name="_eventpage_to_return_login_if_user_is_not_logged_in_1" classname="com.tlkble.suite.EventControllerTest" time="0.084"/>
  <testcase name="_active_events_counter_shows_0" classname="com.tlkble.suite.EventControllerTest" time="0.14"/>
  <testcase name="_active_events_counter_shows_1" classname="com.tlkble.suite.EventControllerTest" time="0.296"/>
  <testcase name="_active_events_counter_shows_high_number" classname="com.tlkble.suite.EventControllerTest" time="1.121"/>
  <testcase name="_inactive_events_counter_shows_1" classname="com.tlkble.suite.EventControllerTest" time="0.124"/>
  <testcase name="_check_expletives_are_detected_1" classname="com.tlkble.suite.EventControllerTest" time="0.061"/>
  <testcase name="_check_expletives_are_detected_2" classname="com.tlkble.suite.EventControllerTest" time="0.068"/>
  <testcase name="_check_expletives_are_detected_3" classname="com.tlkble.suite.EventControllerTest" time="0.053"/>
</testsuite>